Start testing: Nov 07 15:20 UTC
----------------------------------------------------------
1/1 Testing: test
1/1 Test: test
Command: "/home/runner/work/CMakeTest/CMakeTest/build/Main"
Directory: /home/runner/work/CMakeTest/CMakeTest/build
"test" start time: Nov 07 15:20 UTC
Output:
----------------------------------------------------------
Hello World!
<end of output>
Test time =   0.00 sec
----------------------------------------------------------
Test Pass Reason:
Required regular expression found. Regex=[Hello World!]
"test" end time: Nov 07 15:20 UTC
"test" time elapsed: 00:00:00
----------------------------------------------------------

End testing: Nov 07 15:20 UTC
